#
# There is insufficient memory for the Java Runtime Environment to continue.
# Native memory allocation (mmap) failed to map 134217728 bytes for Failed to commit area from 0x0000000080e00000 to 0x0000000088e00000 of length 134217728.
# Possible reasons:
#   The system is out of physical RAM or swap space
#   The process is running with CompressedOops enabled, and the Java Heap may be blocking the growth of the native heap
# Possible solutions:
#   Reduce memory load on the system
#   Increase physical memory or swap space
#   Check if swap backing store is full
#   Decrease Java heap size (-Xmx/-Xms)
#   Decrease number of Java threads
#   Decrease Java thread stack sizes (-Xss)
#   Set larger code cache with -XX:ReservedCodeCacheSize=
# This output file may be truncated or incomplete.
#
#  Out of Memory Error (./src/hotspot/os/windows/os_windows.cpp:3301), pid=7532, tid=7272
#
# JRE version:  (11.0.10) (build )
# Java VM: OpenJDK 64-Bit Server VM (11.0.10+0-b96-7249189, mixed mode, sharing, tiered, compressed oops, g1 gc, windows-amd64)
# No core dump will be written. Minidumps are not enabled by default on client versions of Windows
#

---------------  S U M M A R Y ------------

Command Line: org.jetbrains.git4idea.http.GitAskPassApp Username for 'https://github.com': 

Host: Intel(R) Core(TM) i5-9400F CPU @ 2.90GHz, 6 cores, 7G,  Windows 10 , 64 bit Build 19041 (10.0.19041.1566)
Time: Sat Mar 19 18:33:50 2022 Pakistan Standard Time elapsed time: 0.039626 seconds (0d 0h 0m 0s)

---------------  T H R E A D  ---------------

Current thread (0x000002113a2dd000):  JavaThread "Unknown thread" [_thread_in_vm, id=7272, stack(0x0000001cc7e00000,0x0000001cc7f00000)]

Stack: [0x0000001cc7e00000,0x0000001cc7f00000]
Native frames: (J=compiled Java code, j=interpreted, Vv=VM code, C=native code)
V  [jvm.dll+0x5ecfaa]
V  [jvm.dll+0x722bd5]
V  [jvm.dll+0x72412d]
V  [jvm.dll+0x7247e3]
V  [jvm.dll+0x242928]
V  [jvm.dll+0x5ea374]
V  [jvm.dll+0x5df425]
V  [jvm.dll+0x2fdebb]
V  [jvm.dll+0x2fde2a]
V  [jvm.dll+0x2fdd02]
V  [jvm.dll+0x302bf6]
V  [jvm.dll+0x34b2a3]
V  [jvm.dll+0x34b9a6]
V  [jvm.dll+0x34b3a3]
V  [jvm.dll+0x2d8888]
V  [jvm.dll+0x2d9a37]
V  [jvm.dll+0x701737]
V  [jvm.dll+0x702f2c]
V  [jvm.dll+0x3587d9]
V  [jvm.dll+0x6e4fae]
V  [jvm.dll+0x3c0be3]
V  [jvm.dll+0x3c2e91]
C  [jli.dll+0x5373]
C  [ucrtbase.dll+0x21bb2]
C  [KERNEL32.DLL+0x17034]
C  [ntdll.dll+0x52651]


---------------  P R O C E S S  ---------------

Threads class SMR info:
_java_thread_list=0x00000211381220c0, length=0, elements={
}

Java Threads: ( => current thread )

Other Threads:
  0x000002113a2f6000 GCTaskThread "GC Thread#0" [stack: 0x0000001cc7f00000,0x0000001cc8000000] [id=14164]
  0x000002113a325800 ConcurrentGCThread "G1 Main Marker" [stack: 0x0000001cc8000000,0x0000001cc8100000] [id=1072]
  0x000002113a328000 ConcurrentGCThread "G1 Conc#0" [stack: 0x0000001cc8100000,0x0000001cc8200000] [id=10376]

[error occurred during error reporting (printing all threads), id 0xc0000005, EXCEPTION_ACCESS_VIOLATION (0xc0000005) at pc=0x00007fff3eb19107]

VM state:not at safepoint (not fully initialized)

VM Mutex/Monitor currently owned by a thread:  ([mutex/lock_event])
[0x000002113a2d9590] Heap_lock - owner thread: 0x000002113a2dd000

Heap address: 0x0000000080e00000, size: 2034 MB, Compressed Oops mode: Non-zero based: 0x0000000080e00000
Narrow klass base: 0x0000000000000000, Narrow klass shift: 0

GC Heap History (0 events):
No events

Deoptimization events (0 events):
No events

Classes redefined (0 events):
No events

Internal exceptions (0 events):
No events

Events (1 events):
Event: 0.014 Loaded shared library C:\Program Files\Android\Android Studio\jre\bin\zip.dll


Dynamic libraries:
0x00007ff686e50000 - 0x00007ff686e5a000 	C:\Program Files\Android\Android Studio\jre\bin\java.exe
0x00007fff92a50000 - 0x00007fff92c45000 	C:\WINDOWS\SYSTEM32\ntdll.dll
0x00007fff92710000 - 0x00007fff927ce000 	C:\WINDOWS\System32\KERNEL32.DLL
0x00007fff90350000 - 0x00007fff90618000 	C:\WINDOWS\System32\KERNELBASE.dll
0x00007fff90620000 - 0x00007fff90720000 	C:\WINDOWS\System32\ucrtbase.dll
0x00007fff73100000 - 0x00007fff73117000 	C:\Program Files\Android\Android Studio\jre\bin\VCRUNTIME140.dll
0x00007fff730e0000 - 0x00007fff730f9000 	C:\Program Files\Android\Android Studio\jre\bin\jli.dll
0x00007fff91780000 - 0x00007fff91920000 	C:\WINDOWS\System32\USER32.dll
0x00007fff90280000 - 0x00007fff902a2000 	C:\WINDOWS\System32\win32u.dll
0x00007fff7ab50000 - 0x00007fff7adea000 	C:\WINDOWS\WinSxS\amd64_microsoft.windows.common-controls_6595b64144ccf1df_6.0.19041.1110_none_60b5254171f9507e\COMCTL32.dll
0x00007fff91570000 - 0x00007fff9159b000 	C:\WINDOWS\System32\GDI32.dll
0x00007fff92450000 - 0x00007fff924ee000 	C:\WINDOWS\System32\msvcrt.dll
0x00007fff90170000 - 0x00007fff9027b000 	C:\WINDOWS\System32\gdi32full.dll
0x00007fff90960000 - 0x00007fff909fd000 	C:\WINDOWS\System32\msvcp_win.dll
0x00007fff927d0000 - 0x00007fff92800000 	C:\WINDOWS\System32\IMM32.DLL
0x00007fff573c0000 - 0x00007fff5745d000 	C:\Program Files\Android\Android Studio\jre\bin\msvcp140.dll
0x00007fff3e830000 - 0x00007fff3f2ff000 	C:\Program Files\Android\Android Studio\jre\bin\server\jvm.dll
0x00007fff90d20000 - 0x00007fff90dce000 	C:\WINDOWS\System32\ADVAPI32.dll
0x00007fff915a0000 - 0x00007fff9163c000 	C:\WINDOWS\System32\sechost.dll
0x00007fff925e0000 - 0x00007fff92705000 	C:\WINDOWS\System32\RPCRT4.dll
0x00007fff90dd0000 - 0x00007fff90dd8000 	C:\WINDOWS\System32\PSAPI.DLL
0x00007fff7baf0000 - 0x00007fff7baf9000 	C:\WINDOWS\SYSTEM32\WSOCK32.dll
0x00007fff86780000 - 0x00007fff867a7000 	C:\WINDOWS\SYSTEM32\WINMM.dll
0x00007fff8a4f0000 - 0x00007fff8a4fa000 	C:\WINDOWS\SYSTEM32\VERSION.dll
0x00007fff90f00000 - 0x00007fff90f6b000 	C:\WINDOWS\System32\WS2_32.dll
0x00007fff8ea60000 - 0x00007fff8ea72000 	C:\WINDOWS\SYSTEM32\kernel.appcore.dll
0x00007fff8bc00000 - 0x00007fff8bc11000 	C:\Program Files\Android\Android Studio\jre\bin\verify.dll
0x00007fff8df00000 - 0x00007fff8e0e4000 	C:\WINDOWS\SYSTEM32\DBGHELP.DLL
0x00007fff84770000 - 0x00007fff8479c000 	C:\WINDOWS\SYSTEM32\dbgcore.DLL
0x00007fff90880000 - 0x00007fff90902000 	C:\WINDOWS\System32\bcryptPrimitives.dll
0x00007fff8bbd0000 - 0x00007fff8bbf9000 	C:\Program Files\Android\Android Studio\jre\bin\java.dll
0x00007fff8bbc0000 - 0x00007fff8bbcb000 	C:\Program Files\Android\Android Studio\jre\bin\jimage.dll
0x00007fff8baf0000 - 0x00007fff8bb08000 	C:\Program Files\Android\Android Studio\jre\bin\zip.dll

dbghelp: loaded successfully - version: 4.0.5 - missing functions: none
symbol engine: initialized successfully - sym options: 0x614 - pdb path: .;C:\Program Files\Android\Android Studio\jre\bin;C:\WINDOWS\SYSTEM32;C:\WINDOWS\WinSxS\amd64_microsoft.windows.common-controls_6595b64144ccf1df_6.0.19041.1110_none_60b5254171f9507e;C:\Program Files\Android\Android Studio\jre\bin\server

VM Arguments:
java_command: org.jetbrains.git4idea.http.GitAskPassApp Username for 'https://github.com': 
java_class_path (initial): C:/Program Files/Android/Android Studio/plugins/git4idea/lib/git4idea-rt.jar;C:/Program Files/Android/Android Studio/lib/xmlrpc-2.0.1.jar;C:/Program Files/Android/Android Studio/lib/commons-codec-1.14.jar
Launcher Type: SUN_STANDARD

[Global flags]
     intx CICompilerCount                          = 3                                         {product} {ergonomic}
     uint ConcGCThreads                            = 2                                         {product} {ergonomic}
     uint G1ConcRefinementThreads                  = 6                                         {product} {ergonomic}
   size_t G1HeapRegionSize                         = 1048576                                   {product} {ergonomic}
    uintx GCDrainStackTargetSize                   = 64                                        {product} {ergonomic}
   size_t InitialHeapSize                          = 134217728                                 {product} {ergonomic}
   size_t MarkStackSize                            = 4194304                                   {product} {ergonomic}
   size_t MaxHeapSize                              = 2132803584                                {product} {ergonomic}
   size_t MinHeapDeltaBytes                        = 1048576                                   {product} {ergonomic}
    uintx NonNMethodCodeHeapSize                   = 5830732                                {pd product} {ergonomic}
    uintx NonProfiledCodeHeapSize                  = 122913754                              {pd product} {ergonomic}
    uintx ProfiledCodeHeapSize                     = 122913754                              {pd product} {ergonomic}
    uintx ReservedCodeCacheSize                    = 251658240                              {pd product} {ergonomic}
     bool SegmentedCodeCache                       = true                                      {product} {ergonomic}
     bool UseCompressedClassPointers               = true                                 {lp64_product} {ergonomic}
     bool UseCompressedOops                        = true                                 {lp64_product} {ergonomic}
     bool UseG1GC                                  = true                                      {product} {ergonomic}
     bool UseLargePagesIndividualAllocation        = false                                  {pd product} {ergonomic}

Logging:
Log output configuration:
 #0: stdout all=warning uptime,level,tags
 #1: stderr all=off uptime,level,tags

Environment Variables:
JAVA_HOME=C:\Program Files\Amazon Corretto\jdk11.0.11_9
PATH=C:\Program Files\Git\mingw64\libexec\git-core;C:\Program Files\Git\mingw64\libexec\git-core;C:\Program Files\Git\mingw64\bin;C:\Program Files\Git\usr\bin;C:\Users\GNG\bin;C:\Program Files\Amazon Corretto\jdk11.0.11_9\bin;Z:\app\GNG\product\11.2.0\dbhome_2\bin;C:\WINDOWS\system32;C:\WINDOWS;C:\WINDOWS\System32\Wbem;C:\WINDOWS\System32\WindowsPowerShell\v1.0;C:\WINDOWS\System32\OpenSSH;C:\Program Files (x86)\NVIDIA Corporation\PhysX\Common;C:\Program Files\Java\jdk-13\bin;C:\instantclient_19_6;C:\Program Files\dotnet;C:\Program Files (x86)\Microsoft SQL Server\150\DTS\Binn;C:\Program Files\Azure Data Studio\bin;C:\Program Files\Microsoft SQL Server\130\Tools\Binn;C:\Program Files\Microsoft SQL Server\Client SDK\ODBC\170\Tools\Binn;C:\WINDOWS\system32;C:\WINDOWS;C:\WINDOWS\System32\Wbem;C:\WINDOWS\System32\WindowsPowerShell\v1.0;C:\WINDOWS\System32\OpenSSH;C:\Users\GNG\AppData\Local\Programs\Python\Python39;C:\Program Files\nodejs;C:\ProgramData\chocolatey\bin;C:\Program Files\MongoDB\Server\4.4\bin;C:\Program Files\Git\cmd;C:\xampp\php;C:\ProgramData\ComposerSetup\bin;C:\Program Files (x86)\Windows Kits\10\Windows Performance Toolkit;D:\Programs\MATLAB\runtime\win64;D:\Programs\MATLAB\bin;C:\src\flutter\bin;C:\Users\GNG\AppData\Local\Microsoft\WindowsApps;C:\Users\GNG\.dotnet\tools;C:\Program Files\Azure Data Studio\bin;D:\program files\Microsoft VS Code\bin;C:\Users\GNG\AppData\Local\hyper\app-3.0.2\resources\bin;C:\Users\GNG\AppData\Roaming\npm;C:\Users\GNG\AppData\Roaming\Composer\vendor\bin;C:\src\flutter\bin
USERNAME=GNG
DISPLAY=:0.0
LC_ALL=en_US.UTF-8
OS=Windows_NT
PROCESSOR_IDENTIFIER=Intel64 Family 6 Model 158 Stepping 10, GenuineIntel



---------------  S Y S T E M  ---------------

OS: Windows 10 , 64 bit Build 19041 (10.0.19041.1566)
OS uptime: 0 days 4:12 hours

CPU:total 6 (initial active 6) (6 cores per cpu, 1 threads per core) family 6 model 158 stepping 10 microcode 0xb4, cmov, cx8, fxsr, mmx, sse, sse2, sse3, ssse3, sse4.1, sse4.2, popcnt, avx, avx2, aes, clmul, erms, 3dnowpref, lzcnt, tsc, tscinvbit, bmi1, bmi2, adx, fma

Memory: 4k page, system-wide physical 8131M (718M free)
TotalPageFile size 17131M (AvailPageFile size 95M)
current process WorkingSet (physical memory assigned to process): 9M, peak: 9M
current process commit charge ("private bytes"): 55M, peak: 183M

vm_info: OpenJDK 64-Bit Server VM (11.0.10+0-b96-7249189) for windows-amd64 JRE (11.0.10+0-b96-7249189), built on Mar 31 2021 21:44:00 by "builder" with MS VC++ 14.0 (VS2015)

END.
